Sending build context to Docker daemon   2.02MB
Step 1/13 : FROM debian:stretch
 ---> cb15ecf641ad
Step 2/13 : ARG DEBIAN_FRONTEND=noninteractive
 ---> Using cache
 ---> 3c3c4841a7c9
Step 3/13 : RUN apt-get update && apt-get install --no-install-recommends -y curl dirmngr gnupg apt-transport-https ca-certificates
 ---> Using cache
 ---> f5c4a6fc6562
Step 4/13 : RUN curl -s https://deb.nodesource.com/gpgkey/nodesource.gpg.key | apt-key add - && echo 'deb https://deb.nodesource.com/node_10.x stretch main' > /etc/apt/sources.list.d/nodesource.list && apt-get update && apt-get install -y nodejs && apt-get clean && rm -rf /var/lib/apt/lists/*
 ---> Using cache
 ---> 80b0b9995519
Step 5/13 : ADD package.json package-lock.json  /web/
 ---> Using cache
 ---> 283a47d04c11
Step 6/13 : WORKDIR /web
 ---> Using cache
 ---> 3b5e9cee702d
Step 7/13 : RUN npm install
 ---> Using cache
 ---> 5af0bf3308ee
Step 8/13 : WORKDIR /
 ---> Using cache
 ---> 52443e4460a3
Step 9/13 : ADD package.json package-lock.json index.js Dockerfile /web/
 ---> e96e5edfa879
Step 10/13 : WORKDIR /web
 ---> Running in 88ad98f149fd
Removing intermediate container 88ad98f149fd
 ---> abc4a3e269d3
Step 11/13 : RUN npm install
 ---> Running in 540f14967410
audited 119 packages in 0.664s
found 0 vulnerabilities

Removing intermediate container 540f14967410
 ---> e121ab1a1f5d
Step 12/13 : EXPOSE  8080
 ---> Running in 6b78e6aba285
Removing intermediate container 6b78e6aba285
 ---> 5596d77bd4e1
Step 13/13 : ENTRYPOINT ["nodejs", "./index.js"]
 ---> Running in 189b697e133d
Removing intermediate container 189b697e133d
 ---> ca0e41193fe5
Successfully built ca0e41193fe5
Successfully tagged node-hello:latest
